<?xml version="1.0" encoding="UTF-8"?>
<!-- Generated by org.testng.reporters.JUnitReportReporter -->
<testsuite errors="0" failures="0" hostname="MacBook-Pro.attlocal.net"
           name="rahulshettyacademy.tests.ErrorValidationsTest" skipped="0" tests="2" time="32.252"
           timestamp="11 Aug 2022 20:03:30 GMT">
    <testcase classname="rahulshettyacademy.tests.ErrorValidationsTest" name="LoginErrorValidation"
              time="15.175"/>
    <testcase classname="rahulshettyacademy.tests.ErrorValidationsTest" name="ProductErrorValidation"
              time="17.077"/>
</testsuite> <!-- rahulshettyacademy.tests.ErrorValidationsTest -->
