<?xml version="1.0" encoding="UTF-8"?>
<!-- Generated by org.testng.reporters.JUnitReportReporter -->
<testsuite errors="0" failures="0" hostname="MacBook-Pro.attlocal.net"
           name="rahulshettyacademy.cucumber.TestNGTestRunner"
           skipped="0" tests="1" time="18.739" timestamp="08 Aug 2022 17:22:07 GMT">
    <testcase classname="rahulshettyacademy.cucumber.TestNGTestRunner" name="runScenario"
              time="18.739"/>
</testsuite> <!-- rahulshettyacademy.cucumber.TestNGTestRunner -->
