<?xml version="1.0" encoding="UTF-8"?>
<!-- Generated by org.testng.reporters.JUnitReportReporter -->
<testsuite errors="0" failures="0" hostname="MacBook-Pro.attlocal.net"
           name="rahulshettyacademy.tests.ErrorValidations"
           skipped="0" tests="2" time="21.797" timestamp="01 Aug 2022 12:47:10 GMT">
    <testcase classname="rahulshettyacademy.tests.ErrorValidations" name="submitOrders"
              time="13.536"/>
    <testcase classname="rahulshettyacademy.tests.ErrorValidations" name="submitOrder" time="8.261"/>
</testsuite> <!-- rahulshettyacademy.tests.ErrorValidations -->
