<?xml version="1.0" encoding="UTF-8"?>
<!-- Generated by org.testng.reporters.JUnitReportReporter -->
<testsuite errors="0" failures="0" hostname="LAPTOP-68TK8CI5"
           name="opencartdemo.TestNGRunners.features.TestNGTestRunner" skipped="0" tests="1"
           time="32.099" timestamp="2023-07-28T04:36:17 BST">
    <testcase classname="opencartdemo.TestNGRunners.features.TestNGTestRunner" name="runScenario"
              time="32.099"/>
</testsuite> <!-- opencartdemo.TestNGRunners.features.TestNGTestRunner -->
