<?xml version="1.0" encoding="UTF-8"?>
<!-- Generated by org.testng.reporters.JUnitReportReporter -->
<testsuite errors="0" failures="0" hostname="LAPTOP-68TK8CI5"
           name="opencartdemo.tests.verifyLinks.tests.linksTest" skipped="0" tests="1"
           time="17.207" timestamp="2023-07-30T04:12:33 BST">
    <testcase classname="opencartdemo.tests.verifyLinks.tests.linksTest" name="links" time="17.207"/>
</testsuite> <!-- opencartdemo.tests.verifyLinks.tests.linksTest -->
