<?xml version="1.0" encoding="UTF-8"?>
<!-- Generated by org.testng.reporters.JUnitReportReporter -->
<testsuite errors="0" failures="0" hostname="MacBook-Pro.attlocal.net"
           name="rahulshettyacademy.tests.SubmitOrderTest"
           skipped="0" tests="3" time="57.215" timestamp="11 Aug 2022 20:03:30 GMT">
    <testcase classname="rahulshettyacademy.tests.SubmitOrderTest" name="submitOrder" time="17.898"/>
    <testcase classname="rahulshettyacademy.tests.SubmitOrderTest" name="OrderHistoryTest"
              time="19.161"/>
    <testcase classname="rahulshettyacademy.tests.SubmitOrderTest" name="submitOrder" time="20.156"/>
</testsuite> <!-- rahulshettyacademy.tests.SubmitOrderTest -->
